<?xml version="1.0" encoding="UTF-8"?>
<testng-results skipped="0" failed="0" ignored="0" total="1" passed="1">
  <reporter-output>
  </reporter-output>
  <suite name="Default suite" duration-ms="43875" started-at="2019-06-04T09:43:30Z" finished-at="2019-06-04T09:44:14Z">
    <groups>
    </groups>
    <test name="Default test" duration-ms="43875" started-at="2019-06-04T09:43:30Z" finished-at="2019-06-04T09:44:14Z">
      <class name="com.spicejet.qa.testcases.SportTest">
        <test-method status="PASS" signature="setup()[pri:0, instance:com.spicejet.qa.testcases.SportTest@77caeb3e]" name="setup" is-config="true" duration-ms="17395" started-at="2019-06-04T09:43:30Z" finished-at="2019-06-04T09:43:47Z">
          <reporter-output>
          </reporter-output>
        </test-method> <!-- setup -->
        <test-method status="PASS" signature="log()[pri:0, instance:com.spicejet.qa.testcases.SportTest@77caeb3e]" name="log" duration-ms="26316" started-at="2019-06-04T09:43:47Z" finished-at="2019-06-04T09:44:14Z">
          <reporter-output>
          </reporter-output>
        </test-method> <!-- log -->
      </class> <!-- com.spicejet.qa.testcases.SportTest -->
    </test> <!-- Default test -->
  </suite> <!-- Default suite -->
</testng-results>
